2024-12-10 16:14:44,609 [INFO] Activator:176 - 


2024-12-10 16:14:44,612 [INFO] Activator:177 - !SESSION log4j initialized
2024-12-10 16:14:51,207 [INFO] LogOutputStream:77 - [STDOUT_REDIRECT] 
2024-12-10 16:14:53,648 [ERROR] ConfigurationRetriever:142 - IOException on connection: Read timed out
2024-12-10 16:14:54,531 [INFO] ApplicationProperties:184 - Using Application install path: C:\ST\STM32CubeIDE_1.17.0\STM32CubeIDE\plugins\com.st.stm32cube.common.mx_6.13.0.202411220809
2024-12-10 16:14:54,552 [INFO] DbMcusXml:78 - Set database path to: C:\ST\STM32CubeIDE_1.17.0\STM32CubeIDE\plugins\com.st.stm32cube.common.mx_6.13.0.202411220809\\db\/mcu/
2024-12-10 16:14:54,553 [INFO] ApiDb:274 - Set plugin database path to: C:\ST\STM32CubeIDE_1.17.0\STM32CubeIDE\plugins\com.st.stm32cube.common.mx_6.13.0.202411220809\\db\/plugins/boardmanager/
2024-12-10 16:14:54,553 [WARN] ApiDb:259 - Overriding images path with different value:  => C:\ST\STM32CubeIDE_1.17.0\STM32CubeIDE\plugins\com.st.stm32cube.common.mx_6.13.0.202411220809\\db\/plugins/mcufinder/images/
2024-12-10 16:14:54,564 [INFO] ApiDb:250 - Set database path to: C:\Users\Bazar\.stmcufinder\plugins\mcufinder//mcu/
2024-12-10 16:14:54,566 [INFO] DbMcusAds:125 - Set database path to: C:\Users\Bazar\.stmcufinder\plugins\mcufinder//mcu/
2024-12-10 16:14:54,569 [INFO] CrossReferenceDbSqlite:203 - Set database path to: C:\Users\Bazar\.stmcufinder\plugins\mcufinder//mcu/cs/
2024-12-10 16:14:54,753 [INFO] RulesReader:64 - Compatibility file has been processed (297 Rules)
2024-12-10 16:14:54,873 [INFO] DbMcusXml:78 - Set database path to: C:\ST\STM32CubeIDE_1.17.0\STM32CubeIDE\plugins\com.st.stm32cube.common.mx_6.13.0.202411220809\\db\/mcu/
2024-12-10 16:14:54,873 [INFO] ApiDb:274 - Set plugin database path to: C:\ST\STM32CubeIDE_1.17.0\STM32CubeIDE\plugins\com.st.stm32cube.common.mx_6.13.0.202411220809\\db\/plugins/boardmanager/
2024-12-10 16:14:54,873 [INFO] ApiDb:261 - Set plugin images path to: C:\ST\STM32CubeIDE_1.17.0\STM32CubeIDE\plugins\com.st.stm32cube.common.mx_6.13.0.202411220809\\db\/plugins/mcufinder/images/
2024-12-10 16:14:54,873 [WARN] DbFile:41 - Overriding database path with different value: C:\Users\Bazar\.stmcufinder\plugins\mcufinder/ => C:\Users\Bazar\.stmcufinder\plugins\mcufinder
2024-12-10 16:14:54,874 [INFO] ApiDb:250 - Set database path to: C:\Users\Bazar\.stmcufinder\plugins\mcufinder//mcu/
2024-12-10 16:14:54,874 [WARN] DbFile:41 - Overriding database path with different value: C:\Users\Bazar\.stmcufinder\plugins\mcufinder/ => C:\Users\Bazar\.stmcufinder\plugins\mcufinder
2024-12-10 16:14:54,874 [INFO] DbMcusAds:125 - Set database path to: C:\Users\Bazar\.stmcufinder\plugins\mcufinder//mcu/
2024-12-10 16:14:54,874 [WARN] DbFile:41 - Overriding database path with different value: C:\Users\Bazar\.stmcufinder\plugins\mcufinder/ => C:\Users\Bazar\.stmcufinder\plugins\mcufinder
2024-12-10 16:14:54,874 [WARN] DbFile:41 - Overriding database path with different value: C:\Users\Bazar\.stmcufinder\plugins\mcufinder/ => C:\Users\Bazar\.stmcufinder\plugins\mcufinder
2024-12-10 16:14:54,874 [INFO] CrossReferenceDbSqlite:203 - Set database path to: C:\Users\Bazar\.stmcufinder\plugins\mcufinder//mcu/cs/
2024-12-10 16:14:54,983 [INFO] MainPanel:272 - HeapMemory: 268435456
2024-12-10 16:14:55,106 [INFO] DbMcusXml:78 - Set database path to: C:\ST\STM32CubeIDE_1.17.0\STM32CubeIDE\plugins\com.st.stm32cube.common.mx_6.13.0.202411220809\\db\/mcu/
2024-12-10 16:14:55,106 [INFO] ApiDb:274 - Set plugin database path to: C:\ST\STM32CubeIDE_1.17.0\STM32CubeIDE\plugins\com.st.stm32cube.common.mx_6.13.0.202411220809\\db\/plugins/boardmanager/
2024-12-10 16:14:55,106 [INFO] ApiDb:261 - Set plugin images path to: C:\ST\STM32CubeIDE_1.17.0\STM32CubeIDE\plugins\com.st.stm32cube.common.mx_6.13.0.202411220809\\db\/plugins/mcufinder/images/
2024-12-10 16:14:55,106 [WARN] DbFile:41 - Overriding database path with different value: C:\Users\Bazar\.stmcufinder\plugins\mcufinder/ => C:\Users\Bazar\.stmcufinder\plugins\mcufinder
2024-12-10 16:14:55,106 [INFO] ApiDb:250 - Set database path to: C:\Users\Bazar\.stmcufinder\plugins\mcufinder//mcu/
2024-12-10 16:14:55,107 [WARN] DbFile:41 - Overriding database path with different value: C:\Users\Bazar\.stmcufinder\plugins\mcufinder/ => C:\Users\Bazar\.stmcufinder\plugins\mcufinder
2024-12-10 16:14:55,107 [INFO] DbMcusAds:125 - Set database path to: C:\Users\Bazar\.stmcufinder\plugins\mcufinder//mcu/
2024-12-10 16:14:55,107 [WARN] DbFile:41 - Overriding database path with different value: C:\Users\Bazar\.stmcufinder\plugins\mcufinder/ => C:\Users\Bazar\.stmcufinder\plugins\mcufinder
2024-12-10 16:14:55,107 [WARN] DbFile:41 - Overriding database path with different value: C:\Users\Bazar\.stmcufinder\plugins\mcufinder/ => C:\Users\Bazar\.stmcufinder\plugins\mcufinder
2024-12-10 16:14:55,107 [INFO] CrossReferenceDbSqlite:203 - Set database path to: C:\Users\Bazar\.stmcufinder\plugins\mcufinder//mcu/cs/
2024-12-10 16:14:55,128 [INFO] ApplicationProperties:184 - Using Application install path: C:\ST\STM32CubeIDE_1.17.0\STM32CubeIDE\plugins\com.st.stm32cube.common.mx_6.13.0.202411220809
2024-12-10 16:14:55,129 [INFO] PluginManage:196 - Search for loadable plugins [exclusion list=, ]
2024-12-10 16:14:55,131 [INFO] PluginManage:310 - Check plugin analytics
2024-12-10 16:14:55,380 [INFO] AnalyticsPlugin:253 - Accepted Software Licenses: 
2024-12-10 16:14:55,380 [INFO] AnalyticsPlugin:255 - Accepted CMSIS Pack Licenses: STMicroelectronics.X-CUBE-TOUCHGFX.4.24.0,STMicroelectronics.X-CUBE-AI.9.1.0
2024-12-10 16:14:55,381 [INFO] AnalyticsPlugin:257 - Accepted Firmware Licenses: FW.F4.1.27.0
2024-12-10 16:14:55,385 [INFO] PluginManage:359 - Loaded plugin analytics (category:tool,tabindex:-1)
2024-12-10 16:14:55,388 [INFO] PluginManage:310 - Check plugin cadmodel
2024-12-10 16:14:55,419 [INFO] CADModel:105 - Init CAD model plugin
2024-12-10 16:14:55,419 [INFO] PluginManage:359 - Loaded plugin cadmodel (category:power,tabindex:5)
2024-12-10 16:14:55,420 [INFO] PluginManage:310 - Check plugin clock
2024-12-10 16:14:55,452 [INFO] PluginManage:359 - Loaded plugin clock (category:base,tabindex:2)
2024-12-10 16:14:55,453 [INFO] PluginManage:310 - Check plugin ddr
2024-12-10 16:14:55,457 [INFO] PluginManage:359 - Loaded plugin ddr (category:tool,tabindex:6)
2024-12-10 16:14:55,457 [INFO] PluginManage:310 - Check plugin filemanager
2024-12-10 16:14:55,770 [INFO] PluginManage:359 - Loaded plugin filemanager (category:base,tabindex:10)
2024-12-10 16:14:55,771 [INFO] PluginManage:310 - Check plugin ipmanager
2024-12-10 16:14:55,784 [INFO] PluginManage:359 - Loaded plugin ipmanager (category:base,tabindex:5)
2024-12-10 16:14:55,784 [INFO] PluginManage:310 - Check plugin lpbam
2024-12-10 16:14:55,825 [INFO] PluginManage:359 - Loaded plugin lpbam (category:base,tabindex:0)
2024-12-10 16:14:55,825 [INFO] PluginManage:310 - Check plugin memorymap
2024-12-10 16:14:55,838 [ERROR] ConfigurationRetriever:142 - IOException on connection: Remote host terminated the handshake
2024-12-10 16:14:55,872 [INFO] PluginManage:359 - Loaded plugin memorymap (category:base,tabindex:4)
2024-12-10 16:14:55,873 [INFO] PluginManage:310 - Check plugin pinoutandconfiguration
2024-12-10 16:14:55,904 [INFO] PluginManage:359 - Loaded plugin pinoutandconfiguration (category:base,tabindex:1)
2024-12-10 16:14:55,905 [INFO] PluginManage:310 - Check plugin pinoutconfig
2024-12-10 16:14:56,037 [WARN] SupportedApi:132 - Cannot load RTOS API schema: s4s-elt-must-match.1: The content of 'definitions' must match (annotation?, (simpleType | complexType)?, (unique | key | keyref)*)). A problem was found starting at: attribute.
2024-12-10 16:14:56,042 [ERROR] ConfigurationRetriever:142 - IOException on connection: Remote host terminated the handshake
2024-12-10 16:14:56,273 [INFO] PluginManage:359 - Loaded plugin pinoutconfig (category:base,tabindex:0)
2024-12-10 16:14:56,274 [INFO] PluginManage:310 - Check plugin power
2024-12-10 16:14:56,311 [INFO] PluginManage:359 - Loaded plugin power (category:power,tabindex:4)
2024-12-10 16:14:56,312 [INFO] PluginManage:310 - Check plugin projectmanager
2024-12-10 16:14:56,344 [INFO] PluginManage:359 - Loaded plugin projectmanager (category:projectmanager,tabindex:4)
2024-12-10 16:14:56,344 [INFO] PluginManage:310 - Check plugin rif
2024-12-10 16:14:56,376 [INFO] PluginManage:359 - Loaded plugin rif (category:base,tabindex:3)
2024-12-10 16:14:56,376 [INFO] PluginManage:310 - Check plugin thirdparty
2024-12-10 16:14:56,791 [WARN] IntegrityCheckThread:84 - waiting for thirdparty lock release [integrity check]
2024-12-10 16:14:56,791 [INFO] PluginManage:359 - Loaded plugin thirdparty (category:base,tabindex:-1)
2024-12-10 16:14:56,791 [INFO] IntegrityCheckThread:86 - entering critical section [integrity check]
2024-12-10 16:14:56,792 [INFO] PluginManage:310 - Check plugin tools
2024-12-10 16:14:56,792 [INFO] ThirdPartyUpdaterWithRetryManager:70 - Updater plugin not ready yet. [1/15]
2024-12-10 16:14:56,845 [INFO] PluginManage:359 - Loaded plugin tools (category:base,tabindex:7)
2024-12-10 16:14:56,845 [INFO] PluginManage:310 - Check plugin tutovideos
2024-12-10 16:14:57,116 [INFO] PluginManage:359 - Loaded plugin tutovideos (category:base,tabindex:-1)
2024-12-10 16:14:57,116 [INFO] PluginManage:310 - Check plugin updater
2024-12-10 16:14:57,156 [INFO] PluginManage:359 - Loaded plugin updater (category:base,tabindex:12)
2024-12-10 16:14:57,156 [INFO] PluginManage:310 - Check plugin userauth
2024-12-10 16:14:57,164 [INFO] UserAuth:118 - Init User Auth plugin
2024-12-10 16:14:57,166 [INFO] PluginManage:359 - Loaded plugin userauth (category:base,tabindex:14)
2024-12-10 16:14:57,166 [INFO] PluginManage:283 - PluginManage : Loaded plugins [18]
2024-12-10 16:14:57,476 [INFO] PinOutPanel:1589 - setPackage(No Configuration,No Configuration)
2024-12-10 16:14:57,604 [INFO] CADModel:165 - CPN selected for project level
2024-12-10 16:14:57,605 [INFO] CADModel:114 - Register for checkConnection events
2024-12-10 16:14:57,647 [INFO] IPUIPlugin:80 - create IPUIPlugin
2024-12-10 16:14:57,648 [INFO] PluginManager:220 - loadIPPluginJar : add adc
2024-12-10 16:14:57,712 [INFO] IPUIPlugin:80 - create IPUIPlugin
2024-12-10 16:14:57,712 [INFO] PluginManager:220 - loadIPPluginJar : add aes
2024-12-10 16:14:57,786 [INFO] IPUIPlugin:80 - create IPUIPlugin
2024-12-10 16:14:57,787 [INFO] PluginManager:220 - loadIPPluginJar : add can
2024-12-10 16:14:57,828 [INFO] IPUIPlugin:80 - create IPUIPlugin
2024-12-10 16:14:57,828 [INFO] PluginManager:220 - loadIPPluginJar : add comp
2024-12-10 16:14:57,895 [INFO] IPUIPlugin:80 - create IPUIPlugin
2024-12-10 16:14:57,895 [INFO] PluginManager:220 - loadIPPluginJar : add cryp
2024-12-10 16:14:57,913 [INFO] IPUIPlugin:80 - create IPUIPlugin
2024-12-10 16:14:57,913 [INFO] PluginManager:220 - loadIPPluginJar : add ddr_ctrl_phy
2024-12-10 16:14:57,962 [INFO] IPUIPlugin:80 - create IPUIPlugin
2024-12-10 16:14:57,962 [INFO] PluginManager:220 - loadIPPluginJar : add dfsdm
2024-12-10 16:14:57,993 [INFO] IPUIPlugin:80 - create IPUIPlugin
2024-12-10 16:14:57,994 [INFO] PluginManager:220 - loadIPPluginJar : add dma
2024-12-10 16:14:58,085 [INFO] IPUIPlugin:80 - create IPUIPlugin
2024-12-10 16:14:58,085 [INFO] PluginManager:220 - loadIPPluginJar : add dma3
2024-12-10 16:14:58,173 [INFO] IPUIPlugin:80 - create IPUIPlugin
2024-12-10 16:14:58,174 [INFO] PluginManager:220 - loadIPPluginJar : add extmemmanager
2024-12-10 16:14:58,205 [INFO] IPUIPlugin:80 - create IPUIPlugin
2024-12-10 16:14:58,205 [INFO] PluginManager:220 - loadIPPluginJar : add fatfs
2024-12-10 16:14:58,277 [INFO] IPUIPlugin:80 - create IPUIPlugin
2024-12-10 16:14:58,277 [INFO] PluginManager:220 - loadIPPluginJar : add fmc
2024-12-10 16:14:58,315 [INFO] IPUIPlugin:80 - create IPUIPlugin
2024-12-10 16:14:58,315 [INFO] PluginManager:220 - loadIPPluginJar : add freertos
2024-12-10 16:14:58,345 [INFO] IPUIPlugin:80 - create IPUIPlugin
2024-12-10 16:14:58,345 [INFO] PluginManager:220 - loadIPPluginJar : add genericplugin
2024-12-10 16:14:58,492 [INFO] IPUIPlugin:80 - create IPUIPlugin
2024-12-10 16:14:58,492 [INFO] PluginManager:220 - loadIPPluginJar : add gfxmmu
2024-12-10 16:14:58,697 [INFO] IPUIPlugin:80 - create IPUIPlugin
2024-12-10 16:14:58,698 [INFO] PluginManager:220 - loadIPPluginJar : add gic
2024-12-10 16:14:58,717 [INFO] IPUIPlugin:80 - create IPUIPlugin
2024-12-10 16:14:58,717 [INFO] PluginManager:220 - loadIPPluginJar : add gpio
2024-12-10 16:14:58,856 [INFO] IPUIPlugin:80 - create IPUIPlugin
2024-12-10 16:14:58,856 [INFO] PluginManager:220 - loadIPPluginJar : add gtzc
2024-12-10 16:14:58,904 [INFO] IPUIPlugin:80 - create IPUIPlugin
2024-12-10 16:14:58,904 [INFO] PluginManager:220 - loadIPPluginJar : add hash
2024-12-10 16:14:58,978 [INFO] IPUIPlugin:80 - create IPUIPlugin
2024-12-10 16:14:58,978 [INFO] PluginManager:220 - loadIPPluginJar : add i2c
2024-12-10 16:14:59,035 [INFO] IPUIPlugin:80 - create IPUIPlugin
2024-12-10 16:14:59,035 [INFO] PluginManager:220 - loadIPPluginJar : add i2s
2024-12-10 16:14:59,094 [INFO] IPUIPlugin:80 - create IPUIPlugin
2024-12-10 16:14:59,095 [INFO] PluginManager:220 - loadIPPluginJar : add i3c
2024-12-10 16:14:59,238 [INFO] IPUIPlugin:80 - create IPUIPlugin
2024-12-10 16:14:59,238 [INFO] PluginManager:220 - loadIPPluginJar : add ipddr
2024-12-10 16:14:59,364 [INFO] IPUIPlugin:80 - create IPUIPlugin
2024-12-10 16:14:59,364 [INFO] PluginManager:220 - loadIPPluginJar : add linkedlist
2024-12-10 16:14:59,414 [INFO] IPUIPlugin:80 - create IPUIPlugin
2024-12-10 16:14:59,415 [INFO] PluginManager:220 - loadIPPluginJar : add lorawan
2024-12-10 16:14:59,464 [INFO] IPUIPlugin:80 - create IPUIPlugin
2024-12-10 16:14:59,464 [INFO] PluginManager:220 - loadIPPluginJar : add ltdc
2024-12-10 16:14:59,481 [INFO] IPUIPlugin:80 - create IPUIPlugin
2024-12-10 16:14:59,482 [INFO] PluginManager:220 - loadIPPluginJar : add mdma
2024-12-10 16:14:59,496 [INFO] IPUIPlugin:80 - create IPUIPlugin
2024-12-10 16:14:59,496 [INFO] PluginManager:220 - loadIPPluginJar : add nvic
2024-12-10 16:14:59,546 [INFO] IPUIPlugin:80 - create IPUIPlugin
2024-12-10 16:14:59,546 [INFO] PluginManager:220 - loadIPPluginJar : add opamp
2024-12-10 16:14:59,629 [INFO] IPUIPlugin:80 - create IPUIPlugin
2024-12-10 16:14:59,629 [INFO] PluginManager:220 - loadIPPluginJar : add openamp
2024-12-10 16:14:59,689 [INFO] IPUIPlugin:80 - create IPUIPlugin
2024-12-10 16:14:59,689 [INFO] PluginManager:220 - loadIPPluginJar : add pdm2pcm
2024-12-10 16:14:59,706 [INFO] IPUIPlugin:80 - create IPUIPlugin
2024-12-10 16:14:59,709 [INFO] PluginManager:220 - loadIPPluginJar : add plateformsettings
2024-12-10 16:14:59,740 [INFO] IPUIPlugin:80 - create IPUIPlugin
2024-12-10 16:14:59,740 [INFO] PluginManager:220 - loadIPPluginJar : add quadspi
2024-12-10 16:14:59,775 [INFO] IPUIPlugin:80 - create IPUIPlugin
2024-12-10 16:14:59,776 [INFO] PluginManager:220 - loadIPPluginJar : add radio
2024-12-10 16:14:59,792 [INFO] IPUIPlugin:80 - create IPUIPlugin
2024-12-10 16:14:59,792 [INFO] PluginManager:220 - loadIPPluginJar : add resmgrutility
2024-12-10 16:14:59,793 [INFO] ThirdPartyUpdaterWithRetryManager:70 - Updater plugin not ready yet. [2/15]
2024-12-10 16:14:59,855 [INFO] IPUIPlugin:80 - create IPUIPlugin
2024-12-10 16:14:59,855 [INFO] PluginManager:220 - loadIPPluginJar : add sai
2024-12-10 16:14:59,906 [INFO] IPUIPlugin:80 - create IPUIPlugin
2024-12-10 16:14:59,906 [INFO] PluginManager:220 - loadIPPluginJar : add spi
2024-12-10 16:14:59,997 [INFO] IPUIPlugin:80 - create IPUIPlugin
2024-12-10 16:14:59,998 [INFO] PluginManager:220 - loadIPPluginJar : add stm32_wpan
2024-12-10 16:15:00,034 [INFO] IPUIPlugin:80 - create IPUIPlugin
2024-12-10 16:15:00,034 [INFO] PluginManager:220 - loadIPPluginJar : add tim
2024-12-10 16:15:00,114 [INFO] IPUIPlugin:80 - create IPUIPlugin
2024-12-10 16:15:00,114 [INFO] PluginManager:220 - loadIPPluginJar : add touchsensing
2024-12-10 16:15:00,145 [INFO] IPUIPlugin:80 - create IPUIPlugin
2024-12-10 16:15:00,146 [INFO] PluginManager:220 - loadIPPluginJar : add tracer_emb
2024-12-10 16:15:00,177 [INFO] IPUIPlugin:80 - create IPUIPlugin
2024-12-10 16:15:00,178 [INFO] PluginManager:220 - loadIPPluginJar : add ts
2024-12-10 16:15:00,208 [INFO] IPUIPlugin:80 - create IPUIPlugin
2024-12-10 16:15:00,208 [INFO] PluginManager:220 - loadIPPluginJar : add tsc
2024-12-10 16:15:00,238 [INFO] IPUIPlugin:80 - create IPUIPlugin
2024-12-10 16:15:00,238 [INFO] PluginManager:220 - loadIPPluginJar : add ucpd
2024-12-10 16:15:00,294 [INFO] IPUIPlugin:80 - create IPUIPlugin
2024-12-10 16:15:00,294 [INFO] PluginManager:220 - loadIPPluginJar : add usart
2024-12-10 16:15:00,351 [INFO] IPUIPlugin:80 - create IPUIPlugin
2024-12-10 16:15:00,352 [INFO] PluginManager:220 - loadIPPluginJar : add usbx
2024-12-10 16:15:00,505 [FATAL] Updater:351 - Updater called before beeing initialized
2024-12-10 16:15:00,542 [INFO] RulesReader:64 - Compatibility file has been processed (297 Rules)
2024-12-10 16:15:00,562 [INFO] RulesReader:64 - Compatibility file has been processed (297 Rules)
2024-12-10 16:15:00,571 [INFO] CADModel:165 - CPN selected for project level
2024-12-10 16:15:00,571 [INFO] CADModel:114 - Register for checkConnection events
2024-12-10 16:15:00,571 [FATAL] Updater:351 - Updater called before beeing initialized
2024-12-10 16:15:00,572 [ERROR] CADModel:125 - Updater not yet initialized, retry later 
2024-12-10 16:15:00,770 [FATAL] Updater:351 - Updater called before beeing initialized
2024-12-10 16:15:00,773 [INFO] CADModel:165 - CPN selected for project level
2024-12-10 16:15:00,774 [INFO] CADModel:114 - Register for checkConnection events
2024-12-10 16:15:00,774 [FATAL] Updater:351 - Updater called before beeing initialized
2024-12-10 16:15:00,774 [ERROR] CADModel:125 - Updater not yet initialized, retry later 
2024-12-10 16:15:00,778 [FATAL] Updater:351 - Updater called before beeing initialized
2024-12-10 16:15:00,927 [FATAL] Updater:351 - Updater called before beeing initialized
2024-12-10 16:15:00,944 [INFO] DbMcusAds:53 - JSON generation date=Thu Sep 30 10:25:09 IRST 2021 (1632984909247)
2024-12-10 16:15:00,944 [FATAL] Updater:351 - Updater called before beeing initialized
2024-12-10 16:15:00,990 [WARN] DetailPanel:346 - Failed to get advertising image, set to default
2024-12-10 16:15:01,287 [FATAL] Updater:351 - Updater called before beeing initialized
2024-12-10 16:15:01,289 [FATAL] Updater:351 - Updater called before beeing initialized
2024-12-10 16:15:01,289 [FATAL] Updater:351 - Updater called before beeing initialized
2024-12-10 16:15:01,289 [WARN] DetailPanel:346 - Failed to get advertising image, set to default
2024-12-10 16:15:01,291 [FATAL] Updater:351 - Updater called before beeing initialized
2024-12-10 16:15:01,435 [ERROR] Updater:1198 - MainUpdater not yet initialized. External WinMGr cannot be set.
2024-12-10 16:15:01,448 [INFO] Updater:1134 - Updater Version found : 6.13.0
2024-12-10 16:15:01,467 [INFO] ApplicationProperties:184 - Using Application install path: C:\ST\STM32CubeIDE_1.17.0\STM32CubeIDE\plugins\com.st.stm32cube.common.mx_6.13.0.202411220809
2024-12-10 16:15:02,795 [INFO] ThirdPartyUpdaterWithRetryManager:70 - Updater plugin not ready yet. [3/15]
2024-12-10 16:15:03,051 [ERROR] LogOutputStream:75 - [STDERR_REDIRECT] Dec 10, 2024 4:15:03 PM java.util.prefs.WindowsPreferences <init>
2024-12-10 16:15:03,054 [ERROR] LogOutputStream:75 - [STDERR_REDIRECT] WARNING: Could not open/create prefs root node Software\JavaSoft\Prefs at root 0xffffffff80000002. Windows RegCreateKeyEx(...) returned error code 5.
2024-12-10 16:15:03,054 [ERROR] LogOutputStream:75 - [STDERR_REDIRECT] 
2024-12-10 16:15:04,079 [INFO] MainUpdater:2872 - connection check result : 22
2024-12-10 16:15:04,082 [INFO] MainUpdater:289 - Updater Check For Update Now.
2024-12-10 16:15:04,082 [INFO] MicroXplorer:498 - Change Database Version : DB.6.0.130
2024-12-10 16:15:04,106 [INFO] McuFinderGlobals:63 - Set McuFinder mode to 2 (CubeIDE integrated)
2024-12-10 16:15:04,107 [INFO] UserAuth:171 - activating auth plugin
2024-12-10 16:15:04,113 [INFO] UserAuth:486 - Internet connection configuration mode: 2
2024-12-10 16:15:04,148 [INFO] UserAuth:486 - Internet connection configuration mode: 2
2024-12-10 16:15:04,682 [INFO] CheckServerUpdateThread:120 - End of CheckServer Thread
2024-12-10 16:15:06,015 [WARN] PackLoader:240 - Cannot read IP mode file for STMicroelectronics.FP-SNS-MOTENVWB1.1.4.0
2024-12-10 16:15:06,190 [WARN] PackLoader:240 - Cannot read IP mode file for STMicroelectronics.X-CUBE-MEMS1.11.0.0
2024-12-10 16:15:06,458 [WARN] PackLoader:240 - Cannot read IP mode file for STMicroelectronics.FP-SNS-FLIGHT1.5.0.2
2024-12-10 16:15:06,489 [WARN] PackLoader:240 - Cannot read IP mode file for STMicroelectronics.X-CUBE-DISPLAY.3.0.0
2024-12-10 16:15:06,523 [WARN] PackLoader:240 - Cannot read IP mode file for STMicroelectronics.X-CUBE-BLE1.7.0.0
2024-12-10 16:15:06,551 [WARN] PackLoader:240 - Cannot read IP mode file for STMicroelectronics.X-CUBE-BLEMGR.3.1.0
2024-12-10 16:15:06,575 [WARN] PackLoader:240 - Cannot read IP mode file for STMicroelectronics.FP-SNS-SMARTAG2.1.2.0
2024-12-10 16:15:06,596 [WARN] PackLoader:240 - Cannot read IP mode file for STMicroelectronics.FP-SNS-MOTENV1.5.0.0
2024-12-10 16:15:06,618 [WARN] PackLoader:240 - Cannot read IP mode file for STMicroelectronics.X-CUBE-BLE2.3.3.0
2024-12-10 16:15:06,634 [WARN] PackLoader:240 - Cannot read IP mode file for STMicroelectronics.FP-ATR-SIGFOX1.3.2.0
2024-12-10 16:15:06,654 [WARN] PackLoader:240 - Cannot read IP mode file for STMicroelectronics.X-CUBE-EEPRMA1.5.1.0
2024-12-10 16:15:06,680 [WARN] PackLoader:240 - Cannot read IP mode file for STMicroelectronics.X-CUBE-AI.9.1.0
2024-12-10 16:15:06,820 [WARN] PackLoader:240 - Cannot read IP mode file for STMicroelectronics.X-CUBE-ISPU.2.1.0
2024-12-10 16:15:06,839 [WARN] PackLoader:240 - Cannot read IP mode file for STMicroelectronics.X-CUBE-FREERTOS.1.2.0
2024-12-10 16:15:06,858 [WARN] PackLoader:240 - Cannot read IP mode file for STMicroelectronics.X-CUBE-DPower.1.2.0
2024-12-10 16:15:06,887 [WARN] PackLoader:240 - Cannot read IP mode file for STMicroelectronics.X-CUBE-IPS.3.0.0
2024-12-10 16:15:06,933 [WARN] PackLoader:240 - Cannot read IP mode file for STMicroelectronics.X-CUBE-GNSS1.7.0.0
2024-12-10 16:15:06,951 [WARN] PackLoader:240 - Cannot read IP mode file for STMicroelectronics.FP-SNS-STBOX1.2.0.0
2024-12-10 16:15:06,973 [WARN] PackLoader:240 - Cannot read IP mode file for STMicroelectronics.X-CUBE-ALS.1.0.2
2024-12-10 16:15:06,975 [INFO] ThirdParty:978 - Integrity check success = true
2024-12-10 16:15:06,975 [INFO] IntegrityCheckThread:100 - exiting critical section [integrity check]
2024-12-10 16:15:06,975 [INFO] IntegrityCheckThread:103 - End integrity checks thread
2024-12-10 16:44:24,233 [ERROR] ConfigurationRetriever:142 - IOException on connection: Read timed out
2024-12-10 16:44:25,736 [ERROR] ConfigurationRetriever:142 - IOException on connection: Remote host terminated the handshake
2024-12-10 16:50:48,848 [ERROR] ConfigurationRetriever:142 - IOException on connection: Remote host terminated the handshake
2024-12-10 16:50:49,061 [ERROR] ConfigurationRetriever:142 - IOException on connection: Remote host terminated the handshake
2024-12-10 16:50:54,104 [ERROR] ConfigurationRetriever:142 - IOException on connection: Read timed out
2024-12-10 17:01:06,803 [ERROR] ConfigurationRetriever:142 - IOException on connection: Remote host terminated the handshake
2024-12-10 17:01:07,031 [ERROR] ConfigurationRetriever:142 - IOException on connection: Remote host terminated the handshake
2024-12-10 17:01:10,041 [ERROR] ConfigurationRetriever:142 - IOException on connection: Read timed out
